<?xml version="1.0" encoding="UTF-8"?>
<!-- Generated by org.testng.reporters.JUnitXMLReporter -->
<testsuite ignored="0" hostname="RP-INTUNE-LYhyd" failures="0" tests="2" name="Default test" time="20.475" errors="0" timestamp="2021-05-25T22:22:09 EDT">
  <testcase classname="com.bartelldrugs.qa.testcases.LoginPageTest" name="validateBartellImageTest" time="0.046"/>
  <testcase classname="com.bartelldrugs.qa.testcases.LoginPageTest" name="loginTest" time="0.324"/>
</testsuite> <!-- Default test -->
