<?xml version="1.0" encoding="UTF-8"?>
<!-- Generated by org.testng.reporters.JUnitXMLReporter -->
<testsuite ignored="0" hostname="RP-INTUNE-LYhyd" failures="0" tests="2" name="bd-RX.Bartelldrugs Test Cases" time="32.957" errors="0" timestamp="2021-05-27T11:00:17 EDT">
  <testcase classname="com.bartelldrugs.qa.testcases.LoginPageTest" name="validateBartellImageTest" time="0.044"/>
  <testcase classname="com.bartelldrugs.qa.testcases.LoginPageTest" name="loginTest" time="5.202"/>
</testsuite> <!-- bd-RX.Bartelldrugs Test Cases -->
