<?xml version="1.0" encoding="UTF-8"?>
<!-- Generated by org.testng.reporters.JUnitXMLReporter -->
<testsuite ignored="0" hostname="RP-INTUNE-LYhyd" failures="0" tests="2" name="bd-RX.Bartelldrugs Test Cases" time="17.004" errors="0" timestamp="2021-07-13T13:57:19 EDT">
  <testcase classname="com.bartelldrugs.qa.testcases.LoginPageTest" name="validateBartellImageTest" time="0.059"/>
  <testcase classname="com.bartelldrugs.qa.testcases.LoginPageTest" name="loginTest" time="5.259"/>
</testsuite> <!-- bd-RX.Bartelldrugs Test Cases -->
